<?xml version="1.0" encoding="UTF-8"?>
<!-- Generated by org.testng.reporters.JUnitReportReporter -->
<testsuite skipped="0" hostname="RSAMADAP-1VNNK" name="Utilities" tests="1" failures="0" timestamp="2020-08-08T09:00:27 IST" time="0.015" errors="0">
  <testcase name="setBrowser" time="0.015" classname="Utilities"/>
  <system-out/>
</testsuite> <!-- Utilities -->
