<?xml version="1.0" encoding="UTF-8"?>
<!-- Generated by org.testng.reporters.JUnitReportReporter -->
<testsuite skipped="0" hostname="RSAMADAP-1VNNK" name="TestCases.test2" tests="1" failures="0" timestamp="2020-08-11T14:42:02 IST" time="107.792" errors="0">
  <testcase name="test3" time="107.792" classname="TestCases.test2"/>
  <system-out/>
</testsuite> <!-- TestCases.test2 -->
