<?xml version="1.0" encoding="UTF-8"?>
<!-- Generated by org.testng.reporters.JUnitReportReporter -->
<testsuite skipped="0" hostname="RSAMADAP-1VNNK" name="FunctionLibraries.HomepageFunctions" tests="1" failures="0" timestamp="2020-08-08T09:35:44 IST" time="13.523" errors="0">
  <testcase name="Launchurl" time="13.523" classname="FunctionLibraries.HomepageFunctions"/>
  <system-out/>
</testsuite> <!-- FunctionLibraries.HomepageFunctions -->
