<?xml version="1.0" encoding="UTF-8"?>
<!-- Generated by org.testng.reporters.JUnitReportReporter -->
<testsuite skipped="0" hostname="RSAMADAP-1VNNK" name="Selenium.test.AppTest" tests="1" failures="0" timestamp="2020-08-07T15:41:36 IST" time="16.287" errors="0">
  <testcase name="initdriver" time="16.287" classname="Selenium.test.AppTest"/>
  <system-out/>
</testsuite> <!-- Selenium.test.AppTest -->
